<testsuite errors="0" failures="0" name="Django Project Tests" skips="0" tests="13" time="0.777"><testcase classname="cooking.tests.IngredientTests.IngredientMethodTests" name="test_create_ingredient" time="0.003788" /><testcase classname="cooking.tests.IngredientTests.IngredientMethodTests" name="test_delete_ingredient" time="0.006067" /><testcase classname="cooking.tests.IngredientTests.IngredientMethodTests" name="test_update_ingredient" time="0.004764" /><testcase classname="cooking.tests.RecipeTests.RecipeMethodsTests" name="test_create_recipe" time="0.003924" /><testcase classname="cooking.tests.RecipeTests.RecipeMethodsTests" name="test_delete_recipe" time="0.010945" /><testcase classname="cooking.tests.RecipeTests.RecipeMethodsTests" name="test_update_recipe" time="0.010297" /><testcase classname="cooking.tests.IngredientRecipeTests.IngredientRecipeMethodsTests" name="test_create_ingredient_recipe" time="0.003271" /><testcase classname="cooking.tests.IngredientRecipeTests.IngredientRecipeMethodsTests" name="test_delete_ingredient_recipe" time="0.016442" /><testcase classname="cooking.tests.IngredientRecipeTests.IngredientRecipeMethodsTests" name="test_update_ingredient_recipe" time="0.007818" /><testcase classname="cooking.tests.TestRecipeView.TestRecipeView" name="test_index_with_latest_recipes" time="0.230443" /><testcase classname="cooking.tests.TestRecipeView.TestRecipeView" name="test_index_with_no_latest_recipes" time="0.148855" /><testcase classname="cooking.tests.TestRecipeView.TestRecipeView" name="test_search_with_result" time="0.160884" /><testcase classname="cooking.tests.TestRecipeView.TestRecipeView" name="test_search_without_result" time="0.157359" /></testsuite>