<testsuite errors="0" failures="0" name="Django Project Tests" skips="0" tests="16" time="15.924"><testcase classname="cooking.tests.IngredientTests.IngredientMethodTests" name="test_create_ingredient" time="0.001852" /><testcase classname="cooking.tests.IngredientTests.IngredientMethodTests" name="test_delete_ingredient" time="0.003289" /><testcase classname="cooking.tests.IngredientTests.IngredientMethodTests" name="test_update_ingredient" time="0.002193" /><testcase classname="cooking.tests.RecipeTests.RecipeMethodsTests" name="test_create_recipe" time="0.003525" /><testcase classname="cooking.tests.RecipeTests.RecipeMethodsTests" name="test_delete_recipe" time="0.003297" /><testcase classname="cooking.tests.RecipeTests.RecipeMethodsTests" name="test_update_recipe" time="0.002756" /><testcase classname="cooking.tests.IngredientRecipeTests.IngredientRecipeMethodsTests" name="test_create_ingredient_recipe" time="0.001620" /><testcase classname="cooking.tests.IngredientRecipeTests.IngredientRecipeMethodsTests" name="test_delete_ingredient_recipe" time="0.008096" /><testcase classname="cooking.tests.IngredientRecipeTests.IngredientRecipeMethodsTests" name="test_update_ingredient_recipe" time="0.003927" /><testcase classname="cooking.tests.TestRecipeView.TestRecipeView" name="test_index_with_latest_recipes" time="0.124818" /><testcase classname="cooking.tests.TestRecipeView.TestRecipeView" name="test_index_with_no_latest_recipes" time="0.080305" /><testcase classname="cooking.tests.TestRecipeView.TestRecipeView" name="test_search_with_result" time="0.083753" /><testcase classname="cooking.tests.TestRecipeView.TestRecipeView" name="test_search_without_result" time="0.082985" /><testcase classname="cooking.tests.SeleniumHealthTest.SeleniumHealtTest" name="test_connexion_page" time="0.835197" /><testcase classname="cooking.tests.SeleniumHealthTest.SeleniumHealtTest" name="test_invalid_login" time="0.531761" /><testcase classname="cooking.tests.SeleniumHealthTest.SeleniumHealtTest" name="test_valid_non_admin_login" time="10.616709" /></testsuite>